<?xml version="1.0" encoding="UTF-8"?>
<testsuite xmlns:xsi="http://www.w3.org/2001/XMLSchema-instance" xsi:noNamespaceSchemaLocation="https://maven.apache.org/surefire/maven-surefire-plugin/xsd/surefire-test-report-3.0.xsd" version="3.0" name="com.easyflow.demodecompileapk.DemoDecompileApkApplicationTests" time="3.305" tests="1" errors="0" skipped="0" failures="0">
  <properties>
[...]
</properties>
  <testcase name="contextLoads" classname="com.easyflow.demodecompileapk.DemoDecompileApkApplicationTests" time="0.878">
    <system-out><![CDATA[11:53:59.094 [main] INFO org.springframework.test.context.support.AnnotationConfigContextLoaderUtils -- Could not detect default configuration classes for test class [com.easyflow.demodecompileapk.DemoDecompileApkApplicationTests]: DemoDecompileApkApplicationTests does not declare any static, non-private, non-final, nested classes annotated with @Configuration.
11:53:59.191 [main] INFO org.springframework.boot.test.context.SpringBootTestContextBootstrapper -- Found @SpringBootConfiguration com.easyflow.demodecompileapk.DemoDecompileApkApplication for test class com.easyflow.demodecompileapk.DemoDecompileApkApplicationTests
                        __ _
                       / _| |
   ___  __ _ ___ _   _| |_| | _____      __
  / _ \/ _` / __| | | |  _| |/ _ \ \ /\ / /
 |  __/ (_| \__ \ |_| | | | | (_) \ V  V /
  \___|\__,_|___/\__, |_| |_|\___/ \_/\_/
                  __/ |
                 |___/

 :: Worker Integration Services :: (Version: 3.3.2 - RELEASE)
2024-08-23T11:53:59.606-05:00  INFO 3428 --- [demoDecompileApk] [           main] c.e.d.DemoDecompileApkApplicationTests   : Starting DemoDecompileApkApplicationTests using Java 17.0.12 with PID 3428 (started by Lemache Cristhian in C:\Users\Lemache Cristhian\Documents\demoDecompileApk)
2024-08-23T11:53:59.611-05:00  INFO 3428 --- [demoDecompileApk] [           main] c.e.d.DemoDecompileApkApplicationTests   : The following 1 profile is active: "dev"
2024-08-23T11:54:01.361-05:00  INFO 3428 --- [demoDecompileApk] [           main] c.e.d.DemoDecompileApkApplicationTests   : Started DemoDecompileApkApplicationTests in 2.03 seconds (process running for 3.041)
]]></system-out>
  </testcase>
</testsuite>